{"timestamp": "2026-04-24T16:17:24.982160", "level": "INFO", "logger": "trading_bot", "message": "Database initialized successfully"}
{"timestamp": "2026-04-24T16:17:27.550700", "level": "INFO", "logger": "trading_bot", "message": "Starting API server | {\"host\": \"0.0.0.0\", \"port\": 8000}"}
{"timestamp": "2026-04-24T16:22:32.328659", "level": "ERROR", "logger": "trading_bot", "message": "Failed to get account info"}
{"timestamp": "2026-04-24T16:22:38.070647", "level": "ERROR", "logger": "trading_bot", "message": "Failed to get account info"}
{"timestamp": "2026-04-24T16:22:44.272904", "level": "ERROR", "logger": "trading_bot", "message": "Failed to get account info"}
{"timestamp": "2026-04-24T16:22:46.512092", "level": "ERROR", "logger": "trading_bot", "message": "Failed to get account info"}
{"timestamp": "2026-04-24T16:22:52.216855", "level": "ERROR", "logger": "trading_bot", "message": "Failed to get account info"}
{"timestamp": "2026-04-24T16:22:57.008275", "level": "ERROR", "logger": "trading_bot", "message": "Failed to get account info"}
{"timestamp": "2026-04-24T16:22:57.605281", "level": "ERROR", "logger": "trading_bot", "message": "Failed to get account info"}
{"timestamp": "2026-04-24T16:23:07.432069", "level": "ERROR", "logger": "trading_bot", "message": "Failed to get account info"}
{"timestamp": "2026-04-24T16:23:22.939191", "level": "ERROR", "logger": "trading_bot", "message": "Failed to get account info"}
{"timestamp": "2026-04-24T16:23:24.807281", "level": "ERROR", "logger": "trading_bot", "message": "Failed to get account info"}
{"timestamp": "2026-04-24T16:23:30.124894", "level": "ERROR", "logger": "trading_bot", "message": "Failed to get account info"}
{"timestamp": "2026-04-24T16:23:40.453801", "level": "ERROR", "logger": "trading_bot", "message": "Failed to get account info"}
{"timestamp": "2026-04-24T16:24:30.771583", "level": "ERROR", "logger": "trading_bot", "message": "Failed to get account info"}
{"timestamp": "2026-04-24T16:26:01.089967", "level": "ERROR", "logger": "trading_bot", "message": "Failed to get account info"}
{"timestamp": "2026-04-24T16:28:18.572193", "level": "ERROR", "logger": "trading_bot", "message": "Failed to get account info"}
{"timestamp": "2026-04-24T16:28:28.615448", "level": "ERROR", "logger": "trading_bot", "message": "Failed to get account info"}
{"timestamp": "2026-04-24T16:28:31.440349", "level": "ERROR", "logger": "trading_bot", "message": "Failed to get account info"}
{"timestamp": "2026-04-24T16:28:38.943172", "level": "ERROR", "logger": "trading_bot", "message": "Failed to get account info"}
{"timestamp": "2026-04-24T16:28:58.958102", "level": "ERROR", "logger": "trading_bot", "message": "Failed to get account info"}
{"timestamp": "2026-04-24T16:30:28.996300", "level": "ERROR", "logger": "trading_bot", "message": "Failed to get account info"}
{"timestamp": "2026-04-24T16:33:14.349033", "level": "ERROR", "logger": "trading_bot", "message": "Failed to get account info"}
{"timestamp": "2026-04-24T16:33:52.845819", "level": "INFO", "logger": "trading_bot", "message": "Database initialized successfully"}
{"timestamp": "2026-04-24T16:33:53.759402", "level": "INFO", "logger": "trading_bot", "message": "Starting API server | {\"host\": \"0.0.0.0\", \"port\": 8000}"}
{"timestamp": "2026-04-24T16:34:02.381593", "level": "ERROR", "logger": "trading_bot", "message": "Failed to get account info"}
{"timestamp": "2026-04-24T16:34:02.381994", "level": "ERROR", "logger": "trading_bot", "message": "Error in /api/status | {\"exception\": \"Failed to retrieve account info\"}"}
{"timestamp": "2026-04-24T16:34:05.540859", "level": "ERROR", "logger": "trading_bot", "message": "Failed to get account info"}
{"timestamp": "2026-04-24T16:34:05.541257", "level": "ERROR", "logger": "trading_bot", "message": "Error in /api/status | {\"exception\": \"Failed to retrieve account info\"}"}
{"timestamp": "2026-04-24T16:34:15.870493", "level": "ERROR", "logger": "trading_bot", "message": "Failed to get account info"}
{"timestamp": "2026-04-24T16:34:15.870938", "level": "ERROR", "logger": "trading_bot", "message": "Error in /api/status | {\"exception\": \"Failed to retrieve account info\"}"}
{"timestamp": "2026-04-24T16:34:26.200358", "level": "ERROR", "logger": "trading_bot", "message": "Failed to get account info"}
{"timestamp": "2026-04-24T16:34:26.200816", "level": "ERROR", "logger": "trading_bot", "message": "Error in /api/status | {\"exception\": \"Failed to retrieve account info\"}"}
{"timestamp": "2026-04-24T16:34:46.221231", "level": "ERROR", "logger": "trading_bot", "message": "Failed to get account info"}
{"timestamp": "2026-04-24T16:34:46.221590", "level": "ERROR", "logger": "trading_bot", "message": "Error in /api/status | {\"exception\": \"Failed to retrieve account info\"}"}
{"timestamp": "2026-04-24T16:35:11.803834", "level": "INFO", "logger": "trading_bot", "message": "Database initialized successfully"}
{"timestamp": "2026-04-24T16:35:11.925733", "level": "INFO", "logger": "trading_bot", "message": "Starting API server | {\"host\": \"0.0.0.0\", \"port\": 8000}"}
{"timestamp": "2026-04-24T16:35:28.347019", "level": "ERROR", "logger": "trading_bot", "message": "Failed to get account info"}
{"timestamp": "2026-04-24T16:35:28.347801", "level": "ERROR", "logger": "trading_bot", "message": "Error in /api/status | {\"exception\": \"\"}"}
{"timestamp": "2026-04-24T16:35:38.636060", "level": "ERROR", "logger": "trading_bot", "message": "Failed to get account info"}
{"timestamp": "2026-04-24T16:35:38.636413", "level": "ERROR", "logger": "trading_bot", "message": "Error in /api/status | {\"exception\": \"\"}"}
{"timestamp": "2026-04-24T16:35:53.959181", "level": "ERROR", "logger": "trading_bot", "message": "Failed to get account info"}
{"timestamp": "2026-04-24T16:35:53.959559", "level": "ERROR", "logger": "trading_bot", "message": "Error in /api/status | {\"exception\": \"\"}"}
{"timestamp": "2026-04-24T16:36:27.413854", "level": "ERROR", "logger": "trading_bot", "message": "Failed to get account info"}
{"timestamp": "2026-04-24T16:36:27.414141", "level": "ERROR", "logger": "trading_bot", "message": "Error in /api/status | {\"exception\": \"\"}"}
{"timestamp": "2026-04-24T16:36:37.742332", "level": "ERROR", "logger": "trading_bot", "message": "Failed to get account info"}
{"timestamp": "2026-04-24T16:36:37.743170", "level": "ERROR", "logger": "trading_bot", "message": "Error in /api/status | {\"exception\": \"\"}"}
{"timestamp": "2026-04-24T16:36:48.069158", "level": "ERROR", "logger": "trading_bot", "message": "Failed to get account info"}
{"timestamp": "2026-04-24T16:36:48.069624", "level": "ERROR", "logger": "trading_bot", "message": "Error in /api/status | {\"exception\": \"\"}"}
{"timestamp": "2026-04-24T16:37:18.387932", "level": "ERROR", "logger": "trading_bot", "message": "Failed to get account info"}
{"timestamp": "2026-04-24T16:37:18.388248", "level": "ERROR", "logger": "trading_bot", "message": "Error in /api/status | {\"exception\": \"\"}"}
{"timestamp": "2026-04-24T16:37:51.556760", "level": "ERROR", "logger": "trading_bot", "message": "Failed to get account info"}
{"timestamp": "2026-04-24T16:37:51.557120", "level": "ERROR", "logger": "trading_bot", "message": "Error in /api/status | {\"exception\": \"\"}"}
{"timestamp": "2026-04-24T16:38:01.876389", "level": "ERROR", "logger": "trading_bot", "message": "Failed to get account info"}
{"timestamp": "2026-04-24T16:38:01.877536", "level": "ERROR", "logger": "trading_bot", "message": "Error in /api/status | {\"exception\": \"\"}"}
{"timestamp": "2026-04-24T16:38:13.713420", "level": "ERROR", "logger": "trading_bot", "message": "Failed to get account info"}
{"timestamp": "2026-04-24T16:38:13.714322", "level": "ERROR", "logger": "trading_bot", "message": "Error in /api/status | {\"exception\": \"\"}"}
{"timestamp": "2026-04-24T22:32:05.286062", "level": "INFO", "logger": "trading_bot", "message": "Database initialized successfully"}
{"timestamp": "2026-04-24T22:32:25.849203", "level": "INFO", "logger": "trading_bot", "message": "Starting Trading Bot"}
{"timestamp": "2026-04-24T22:32:25.850756", "level": "INFO", "logger": "trading_bot", "message": "Configuration loaded | {\"symbol\": \"EURUSD\", \"fast_ma\": 20, \"slow_ma\": 50, \"timeframe\": \"1 minute\", \"stop_loss_pips\": 50, \"take_profit_pips\": 100}"}
{"timestamp": "2026-04-24T22:32:25.873233", "level": "ERROR", "logger": "trading_bot", "message": "MT5 initialization failed | {\"error_code\": [-10003, \"IPC initialize failed, MetaTrader 5 x64 not found\"]}"}
{"timestamp": "2026-04-24T22:32:25.873857", "level": "ERROR", "logger": "trading_bot", "message": "Failed to connect to MT5, exiting"}
